# JRE version: OpenJDK Runtime Environment (21.0.3) (build 21.0.3+-12282718-b509.11)
# Java VM: OpenJDK 64-Bit Server VM (21.0.3+-12282718-b509.11, mixed mode, tiered, compressed oops, compressed class ptrs, g1 gc, windows-amd64)
GC Precious Log:
 CardTable entry size: 512
 Card Set container configuration: InlinePtr #cards 4 size 8 Array Of Cards #cards 16 size 48 Howl #buckets 8 coarsen threshold 3686 Howl Bitmap #cards 512 size 80 coarsen threshold 460 Card regions per heap region 1 cards per card region 4096
 CPUs: 16 total, 16 available
 Memory: 7896M
 Large Page Support: Disabled
 NUMA Support: Disabled
 Compressed Oops: Enabled (Zero based)
 Heap Region Size: 2M
 Heap Min Capacity: 8M
 Heap Initial Capacity: 124M
 Heap Max Capacity: 4G
 Pre-touch: Disabled
 Parallel Workers: 13
 Concurrent Workers: 3
 Concurrent Refinement Workers: 13
 Periodic GC: Disabled
Heap:
 garbage-first heap   total 194560K, used 126386K [0x0000000700000000, 0x0000000800000000)
  region size 2048K, 5 young (10240K), 3 survivors (6144K)
 Metaspace       used 102349K, committed 104320K, reserved 1179648K
  class space    used 14005K, committed 14976K, reserved 1048576K
GC Heap History (20 events):
Event: 26.444 GC heap before
{Heap before GC invocations=17 (full 0):
 garbage-first heap   total 114688K, used 87266K [0x0000000700000000, 0x0000000800000000)
  region size 2048K, 15 young (30720K), 3 survivors (6144K)
 Metaspace       used 80886K, committed 82688K, reserved 1179648K
  class space    used 11102K, committed 11968K, reserved 1048576K
}
Event: 26.449 GC heap after
{Heap after GC invocations=18 (full 0):
 garbage-first heap   total 114688K, used 69593K [0x0000000700000000, 0x0000000800000000)
  region size 2048K, 2 young (4096K), 2 survivors (4096K)
 Metaspace       used 80886K, committed 82688K, reserved 1179648K
  class space    used 11102K, committed 11968K, reserved 1048576K
}
Event: 30.722 GC heap before
{Heap before GC invocations=19 (full 0):
 garbage-first heap   total 126976K, used 104409K [0x0000000700000000, 0x0000000800000000)
  region size 2048K, 16 young (32768K), 2 survivors (4096K)
 Metaspace       used 82340K, committed 84096K, reserved 1179648K
  class space    used 11279K, committed 12096K, reserved 1048576K
}
Event: 30.726 GC heap after
{Heap after GC invocations=20 (full 0):
 garbage-first heap   total 153600K, used 85994K [0x0000000700000000, 0x0000000800000000)
  region size 2048K, 2 young (4096K), 2 survivors (4096K)
 Metaspace       used 82340K, committed 84096K, reserved 1179648K
  class space    used 11279K, committed 12096K, reserved 1048576K
}
Event: 31.117 GC heap before
{Heap before GC invocations=20 (full 0):
 garbage-first heap   total 153600K, used 122858K [0x0000000700000000, 0x0000000800000000)
  region size 2048K, 21 young (43008K), 2 survivors (4096K)
 Metaspace       used 86329K, committed 88064K, reserved 1179648K
  class space    used 11690K, committed 12544K, reserved 1048576K
}
Event: 31.121 GC heap after
{Heap after GC invocations=21 (full 0):
 garbage-first heap   total 153600K, used 87067K [0x0000000700000000, 0x0000000800000000)
  region size 2048K, 1 young (2048K), 1 survivors (2048K)
 Metaspace       used 86329K, committed 88064K, reserved 1179648K
  class space    used 11690K, committed 12544K, reserved 1048576K
}
Event: 31.697 GC heap before
{Heap before GC invocations=21 (full 0):
 garbage-first heap   total 153600K, used 125979K [0x0000000700000000, 0x0000000800000000)
  region size 2048K, 21 young (43008K), 1 survivors (2048K)
 Metaspace       used 88248K, committed 90048K, reserved 1179648K
  class space    used 11956K, committed 12800K, reserved 1048576K
}
Event: 31.703 GC heap after
{Heap after GC invocations=22 (full 0):
 garbage-first heap   total 153600K, used 91217K [0x0000000700000000, 0x0000000800000000)
  region size 2048K, 3 young (6144K), 3 survivors (6144K)
 Metaspace       used 88248K, committed 90048K, reserved 1179648K
  class space    used 11956K, committed 12800K, reserved 1048576K
}
Event: 32.059 GC heap before
{Heap before GC invocations=23 (full 0):
 garbage-first heap   total 161792K, used 130129K [0x0000000700000000, 0x0000000800000000)
  region size 2048K, 22 young (45056K), 3 survivors (6144K)
 Metaspace       used 91202K, committed 92992K, reserved 1179648K
  class space    used 12328K, committed 13184K, reserved 1048576K
}
Event: 32.065 GC heap after
{Heap after GC invocations=24 (full 0):
 garbage-first heap   total 161792K, used 93517K [0x0000000700000000, 0x0000000800000000)
  region size 2048K, 2 young (4096K), 2 survivors (4096K)
 Metaspace       used 91202K, committed 92992K, reserved 1179648K
  class space    used 12328K, committed 13184K, reserved 1048576K
}
Event: 32.519 GC heap before
{Heap before GC invocations=24 (full 0):
 garbage-first heap   total 161792K, used 140621K [0x0000000700000000, 0x0000000800000000)
  region size 2048K, 23 young (47104K), 2 survivors (4096K)
 Metaspace       used 94564K, committed 96384K, reserved 1179648K
  class space    used 12737K, committed 13632K, reserved 1048576K
}
Event: 32.523 GC heap after
{Heap after GC invocations=25 (full 0):
 garbage-first heap   total 161792K, used 99060K [0x0000000700000000, 0x0000000800000000)
  region size 2048K, 3 young (6144K), 3 survivors (6144K)
 Metaspace       used 94564K, committed 96384K, reserved 1179648K
  class space    used 12737K, committed 13632K, reserved 1048576K
}
Event: 32.767 GC heap before
{Heap before GC invocations=25 (full 0):
 garbage-first heap   total 161792K, used 140020K [0x0000000700000000, 0x0000000800000000)
  region size 2048K, 23 young (47104K), 3 survivors (6144K)
 Metaspace       used 95418K, committed 97408K, reserved 1179648K
  class space    used 12885K, committed 13888K, reserved 1048576K
}
Event: 32.774 GC heap after
{Heap after GC invocations=26 (full 0):
 garbage-first heap   total 194560K, used 102886K [0x0000000700000000, 0x0000000800000000)
  region size 2048K, 3 young (6144K), 3 survivors (6144K)
 Metaspace       used 95418K, committed 97408K, reserved 1179648K
  class space    used 12885K, committed 13888K, reserved 1048576K
}
Event: 40.182 GC heap before
{Heap before GC invocations=27 (full 0):
 garbage-first heap   total 194560K, used 170470K [0x0000000700000000, 0x0000000800000000)
  region size 2048K, 34 young (69632K), 3 survivors (6144K)
 Metaspace       used 95799K, committed 97728K, reserved 1179648K
  class space    used 12914K, committed 13888K, reserved 1048576K
}
Event: 40.191 GC heap after
{Heap after GC invocations=28 (full 0):
 garbage-first heap   total 194560K, used 119317K [0x0000000700000000, 0x0000000800000000)
  region size 2048K, 5 young (10240K), 5 survivors (10240K)
 Metaspace       used 95799K, committed 97728K, reserved 1179648K
  class space    used 12914K, committed 13888K, reserved 1048576K
}
Event: 40.564 GC heap before
{Heap before GC invocations=28 (full 0):
 garbage-first heap   total 194560K, used 170517K [0x0000000700000000, 0x0000000800000000)
  region size 2048K, 30 young (61440K), 5 survivors (10240K)
 Metaspace       used 98402K, committed 100416K, reserved 1179648K
  class space    used 13280K, committed 14272K, reserved 1048576K
}
Event: 40.572 GC heap after
{Heap after GC invocations=29 (full 0):
 garbage-first heap   total 194560K, used 122715K [0x0000000700000000, 0x0000000800000000)
  region size 2048K, 2 young (4096K), 2 survivors (4096K)
 Metaspace       used 98402K, committed 100416K, reserved 1179648K
  class space    used 13280K, committed 14272K, reserved 1048576K
}
Event: 41.067 GC heap before
{Heap before GC invocations=29 (full 0):
 garbage-first heap   total 194560K, used 173915K [0x0000000700000000, 0x0000000800000000)
  region size 2048K, 27 young (55296K), 2 survivors (4096K)
 Metaspace       used 102173K, committed 104192K, reserved 1179648K
  class space    used 13975K, committed 14976K, reserved 1048576K
}
Event: 41.071 GC heap after
{Heap after GC invocations=30 (full 0):
 garbage-first heap   total 194560K, used 124338K [0x0000000700000000, 0x0000000800000000)
  region size 2048K, 3 young (6144K), 3 survivors (6144K)
 Metaspace       used 102173K, committed 104192K, reserved 1179648K
  class space    used 13975K, committed 14976K, reserved 1048576K
}

