# JRE version: OpenJDK Runtime Environment (21.0.3) (build 21.0.3+-12282718-b509.11)
# Java VM: OpenJDK 64-Bit Server VM (21.0.3+-12282718-b509.11, mixed mode, tiered, compressed oops, compressed class ptrs, g1 gc, windows-amd64)
GC Precious Log:
 CardTable entry size: 512
 Card Set container configuration: InlinePtr #cards 4 size 8 Array Of Cards #cards 16 size 48 Howl #buckets 8 coarsen threshold 3686 Howl Bitmap #cards 512 size 80 coarsen threshold 460 Card regions per heap region 1 cards per card region 4096
 CPUs: 16 total, 16 available
 Memory: 7896M
 Large Page Support: Disabled
 NUMA Support: Disabled
 Compressed Oops: Enabled (Zero based)
 Heap Region Size: 2M
 Heap Min Capacity: 8M
 Heap Initial Capacity: 124M
 Heap Max Capacity: 4G
 Pre-touch: Disabled
 Parallel Workers: 13
 Concurrent Workers: 3
 Concurrent Refinement Workers: 13
 Periodic GC: Disabled
Heap:
 garbage-first heap   total 151552K, used 89421K [0x0000000700000000, 0x0000000800000000)
  region size 2048K, 2 young (4096K), 2 survivors (4096K)
 Metaspace       used 86136K, committed 88000K, reserved 1179648K
  class space    used 11644K, committed 12544K, reserved 1048576K
GC Heap History (20 events):
Event: 4.908 GC heap after
{Heap after GC invocations=11 (full 0):
 garbage-first heap   total 114688K, used 38537K [0x0000000700000000, 0x0000000800000000)
  region size 2048K, 4 young (8192K), 4 survivors (8192K)
 Metaspace       used 58602K, committed 60160K, reserved 1114112K
  class space    used 8027K, committed 8768K, reserved 1048576K
}
Event: 5.571 GC heap before
{Heap before GC invocations=12 (full 0):
 garbage-first heap   total 114688K, used 95881K [0x0000000700000000, 0x0000000800000000)
  region size 2048K, 32 young (65536K), 4 survivors (8192K)
 Metaspace       used 65271K, committed 66944K, reserved 1114112K
  class space    used 8943K, committed 9792K, reserved 1048576K
}
Event: 5.576 GC heap after
{Heap after GC invocations=13 (full 0):
 garbage-first heap   total 114688K, used 40641K [0x0000000700000000, 0x0000000800000000)
  region size 2048K, 3 young (6144K), 3 survivors (6144K)
 Metaspace       used 65271K, committed 66944K, reserved 1114112K
  class space    used 8943K, committed 9792K, reserved 1048576K
}
Event: 6.256 GC heap before
{Heap before GC invocations=13 (full 0):
 garbage-first heap   total 114688K, used 97985K [0x0000000700000000, 0x0000000800000000)
  region size 2048K, 31 young (63488K), 3 survivors (6144K)
 Metaspace       used 71681K, committed 73472K, reserved 1114112K
  class space    used 10000K, committed 10880K, reserved 1048576K
}
Event: 6.267 GC heap after
{Heap after GC invocations=14 (full 0):
 garbage-first heap   total 114688K, used 42969K [0x0000000700000000, 0x0000000800000000)
  region size 2048K, 3 young (6144K), 3 survivors (6144K)
 Metaspace       used 71681K, committed 73472K, reserved 1114112K
  class space    used 10000K, committed 10880K, reserved 1048576K
}
Event: 7.088 GC heap before
{Heap before GC invocations=14 (full 0):
 garbage-first heap   total 114688K, used 102361K [0x0000000700000000, 0x0000000800000000)
  region size 2048K, 30 young (61440K), 3 survivors (6144K)
 Metaspace       used 73745K, committed 75584K, reserved 1114112K
  class space    used 10226K, committed 11136K, reserved 1048576K
}
Event: 7.099 GC heap after
{Heap after GC invocations=15 (full 0):
 garbage-first heap   total 124928K, used 62412K [0x0000000700000000, 0x0000000800000000)
  region size 2048K, 4 young (8192K), 4 survivors (8192K)
 Metaspace       used 73745K, committed 75584K, reserved 1114112K
  class space    used 10226K, committed 11136K, reserved 1048576K
}
Event: 7.367 GC heap before
{Heap before GC invocations=15 (full 0):
 garbage-first heap   total 124928K, used 80844K [0x0000000700000000, 0x0000000800000000)
  region size 2048K, 14 young (28672K), 4 survivors (8192K)
 Metaspace       used 74201K, committed 76032K, reserved 1114112K
  class space    used 10248K, committed 11136K, reserved 1048576K
}
Event: 7.374 GC heap after
{Heap after GC invocations=16 (full 0):
 garbage-first heap   total 151552K, used 66009K [0x0000000700000000, 0x0000000800000000)
  region size 2048K, 2 young (4096K), 2 survivors (4096K)
 Metaspace       used 74201K, committed 76032K, reserved 1114112K
  class space    used 10248K, committed 11136K, reserved 1048576K
}
Event: 7.429 GC heap before
{Heap before GC invocations=16 (full 0):
 garbage-first heap   total 151552K, used 68057K [0x0000000700000000, 0x0000000800000000)
  region size 2048K, 4 young (8192K), 2 survivors (4096K)
 Metaspace       used 74201K, committed 76032K, reserved 1114112K
  class space    used 10248K, committed 11136K, reserved 1048576K
}
Event: 7.432 GC heap after
{Heap after GC invocations=17 (full 0):
 garbage-first heap   total 151552K, used 70740K [0x0000000700000000, 0x0000000800000000)
  region size 2048K, 3 young (6144K), 3 survivors (6144K)
 Metaspace       used 74201K, committed 76032K, reserved 1114112K
  class space    used 10248K, committed 11136K, reserved 1048576K
}
Event: 7.493 GC heap before
{Heap before GC invocations=17 (full 0):
 garbage-first heap   total 151552K, used 76884K [0x0000000700000000, 0x0000000800000000)
  region size 2048K, 5 young (10240K), 3 survivors (6144K)
 Metaspace       used 74216K, committed 76032K, reserved 1114112K
  class space    used 10251K, committed 11136K, reserved 1048576K
}
Event: 7.499 GC heap after
{Heap after GC invocations=18 (full 0):
 garbage-first heap   total 151552K, used 76774K [0x0000000700000000, 0x0000000800000000)
  region size 2048K, 3 young (6144K), 3 survivors (6144K)
 Metaspace       used 74216K, committed 76032K, reserved 1114112K
  class space    used 10251K, committed 11136K, reserved 1048576K
}
Event: 7.903 GC heap before
{Heap before GC invocations=19 (full 0):
 garbage-first heap   total 151552K, used 111590K [0x0000000700000000, 0x0000000800000000)
  region size 2048K, 20 young (40960K), 3 survivors (6144K)
 Metaspace       used 76883K, committed 78656K, reserved 1179648K
  class space    used 10582K, committed 11456K, reserved 1048576K
}
Event: 7.906 GC heap after
{Heap after GC invocations=20 (full 0):
 garbage-first heap   total 151552K, used 81873K [0x0000000700000000, 0x0000000800000000)
  region size 2048K, 3 young (6144K), 3 survivors (6144K)
 Metaspace       used 76883K, committed 78656K, reserved 1179648K
  class space    used 10582K, committed 11456K, reserved 1048576K
}
Event: 8.227 GC heap before
{Heap before GC invocations=20 (full 0):
 garbage-first heap   total 151552K, used 116689K [0x0000000700000000, 0x0000000800000000)
  region size 2048K, 20 young (40960K), 3 survivors (6144K)
 Metaspace       used 80535K, committed 82304K, reserved 1179648K
  class space    used 10943K, committed 11840K, reserved 1048576K
}
Event: 8.232 GC heap after
{Heap after GC invocations=21 (full 0):
 garbage-first heap   total 151552K, used 82393K [0x0000000700000000, 0x0000000800000000)
  region size 2048K, 1 young (2048K), 1 survivors (2048K)
 Metaspace       used 80535K, committed 82304K, reserved 1179648K
  class space    used 10943K, committed 11840K, reserved 1048576K
}
Event: 8.525 GC heap before
{Heap before GC invocations=21 (full 0):
 garbage-first heap   total 151552K, used 119257K [0x0000000700000000, 0x0000000800000000)
  region size 2048K, 20 young (40960K), 1 survivors (2048K)
 Metaspace       used 83219K, committed 84992K, reserved 1179648K
  class space    used 11272K, committed 12160K, reserved 1048576K
}
Event: 8.530 GC heap after
{Heap after GC invocations=22 (full 0):
 garbage-first heap   total 151552K, used 86634K [0x0000000700000000, 0x0000000800000000)
  region size 2048K, 3 young (6144K), 3 survivors (6144K)
 Metaspace       used 83219K, committed 84992K, reserved 1179648K
  class space    used 11272K, committed 12160K, reserved 1048576K
}
Event: 8.884 GC heap before
{Heap before GC invocations=23 (full 0):
 garbage-first heap   total 151552K, used 123498K [0x0000000700000000, 0x0000000800000000)
  region size 2048K, 22 young (45056K), 3 survivors (6144K)
 Metaspace       used 86136K, committed 88000K, reserved 1179648K
  class space    used 11644K, committed 12544K, reserved 1048576K
}

